22:27:53 対象日数: 329 日 (2024-03-17 ～ 2026-03-17)
22:27:53 予想時間: 71 分
22:27:53 未取得: 329 日 (取得済みスキップ)
22:27:53 [1/329] 2024-03-18: 7銘柄 (累計: 7)
22:28:06 [2/329] 2024-03-26: 4銘柄 (累計: 11)
22:28:20 [3/329] 2024-03-28: 9銘柄 (累計: 20)
22:28:33 [4/329] 2024-03-29: 13銘柄 (累計: 33)
22:28:46 [5/329] 2024-04-01: 5銘柄 (累計: 38)
22:28:59 [6/329] 2024-04-02: 5銘柄 (累計: 43)
22:29:12 [7/329] 2024-04-03: 4銘柄 (累計: 47)
22:29:25 [8/329] 2024-04-04: 7銘柄 (累計: 54)
22:29:38 [9/329] 2024-04-05: 14銘柄 (累計: 68)
22:29:52 [10/329] 2024-04-08: 8銘柄 (累計: 76)
22:30:05 [11/329] 2024-04-09: 14銘柄 (累計: 90)
22:30:18 [12/329] 2024-04-10: 35銘柄 (累計: 125)
22:30:31 [13/329] 2024-04-11: 32銘柄 (累計: 157)
22:30:45 [14/329] 2024-04-12: 128銘柄 (累計: 285)
22:30:58 [15/329] 2024-04-15: 60銘柄 (累計: 345)
22:31:11 [16/329] 2024-04-19: 8銘柄 (累計: 353)
22:31:24 [17/329] 2024-04-22: 3銘柄 (累計: 356)
22:31:37 [18/329] 2024-04-23: 10銘柄 (累計: 366)
22:31:50 [19/329] 2024-04-24: 19銘柄 (累計: 385)
22:32:04 [20/329] 2024-04-25: 57銘柄 (累計: 442)
22:32:17 [21/329] 2024-04-26: 109銘柄 (累計: 551)
22:32:31 [22/329] 2024-04-30: 101銘柄 (累計: 652)
22:32:44 [23/329] 2024-05-01: 15銘柄 (累計: 667)
22:32:57 [24/329] 2024-05-02: 15銘柄 (累計: 682)
22:33:10 [25/329] 2024-05-07: 56銘柄 (累計: 738)
22:33:24 [26/329] 2024-05-08: 100銘柄 (累計: 838)
22:33:37 [27/329] 2024-05-09: 243銘柄 (累計: 1,081)
22:33:51 [28/329] 2024-05-10: 544銘柄 (累計: 1,625)
22:34:05 [29/329] 2024-05-13: 379銘柄 (累計: 2,004)
22:34:19 [30/329] 2024-05-14: 480銘柄 (累計: 2,484)
22:34:33 [31/329] 2024-05-15: 448銘柄 (累計: 2,932)
22:34:46 [32/329] 2024-05-16: 13銘柄 (累計: 2,945)
22:34:59 [33/329] 2024-05-17: 17銘柄 (累計: 2,962)
22:35:13 [34/329] 2024-05-20: 15銘柄 (累計: 2,977)
22:35:26 [35/329] 2024-05-24: 6銘柄 (累計: 2,983)
22:35:39 [36/329] 2024-05-27: 5銘柄 (累計: 2,988)
22:35:52 [37/329] 2024-05-29: 3銘柄 (累計: 2,991)
22:36:05 [38/329] 2024-05-30: 7銘柄 (累計: 2,998)
22:36:18 [39/329] 2024-05-31: 15銘柄 (累計: 3,013)
22:36:31 [40/329] 2024-06-03: 4銘柄 (累計: 3,017)
22:36:45 [41/329] 2024-06-04: 5銘柄 (累計: 3,022)
22:36:58 [42/329] 2024-06-06: 3銘柄 (累計: 3,025)
22:37:11 [43/329] 2024-06-07: 6銘柄 (累計: 3,031)
22:37:24 [44/329] 2024-06-10: 11銘柄 (累計: 3,042)
22:37:37 [45/329] 2024-06-11: 7銘柄 (累計: 3,049)
22:37:50 [46/329] 2024-06-12: 9銘柄 (累計: 3,058)
22:38:04 [47/329] 2024-06-13: 27銘柄 (累計: 3,085)
22:38:17 [48/329] 2024-06-14: 46銘柄 (累計: 3,131)
22:38:30 [49/329] 2024-06-18: 8銘柄 (累計: 3,139)
22:38:43 [50/329] 2024-06-19: 3銘柄 (累計: 3,142)
22:38:56 [51/329] 2024-06-20: 2銘柄 (累計: 3,144)
22:39:09 [52/329] 2024-06-21: 5銘柄 (累計: 3,149)
22:39:22 [53/329] 2024-06-25: 9銘柄 (累計: 3,158)
22:39:36 [54/329] 2024-06-26: 9銘柄 (累計: 3,167)
22:39:49 [55/329] 2024-06-27: 7銘柄 (累計: 3,174)
22:40:02 [56/329] 2024-06-28: 10銘柄 (累計: 3,184)
22:40:15 [57/329] 2024-07-03: 6銘柄 (累計: 3,190)
22:40:28 [58/329] 2024-07-04: 7銘柄 (累計: 3,197)
22:40:41 [59/329] 2024-07-05: 11銘柄 (累計: 3,208)
22:40:55 [60/329] 2024-07-08: 4銘柄 (累計: 3,212)
22:41:08 [61/329] 2024-07-09: 10銘柄 (累計: 3,222)
22:41:21 [62/329] 2024-07-10: 10銘柄 (累計: 3,232)
22:41:34 [63/329] 2024-07-11: 39銘柄 (累計: 3,271)
22:41:48 [64/329] 2024-07-12: 67銘柄 (累計: 3,338)
22:42:01 [65/329] 2024-07-16: 12銘柄 (累計: 3,350)
22:42:14 [66/329] 2024-07-22: 2銘柄 (累計: 3,352)
22:42:27 [67/329] 2024-07-24: 6銘柄 (累計: 3,358)
22:42:40 [68/329] 2024-07-29: 19銘柄 (累計: 3,377)
22:42:54 [69/329] 2024-07-31: 72銘柄 (累計: 3,449)
22:43:07 [70/329] 2024-08-01: 33銘柄 (累計: 3,482)
22:43:21 [71/329] 2024-08-02: 33銘柄 (累計: 3,515)
22:43:34 [72/329] 2024-08-05: 32銘柄 (累計: 3,547)
22:43:47 [73/329] 2024-08-06: 52銘柄 (累計: 3,599)
22:44:01 [74/329] 2024-08-07: 76銘柄 (累計: 3,675)
22:44:15 [75/329] 2024-08-08: 131銘柄 (累計: 3,806)
22:44:29 [76/329] 2024-08-09: 218銘柄 (累計: 4,024)
22:44:43 [77/329] 2024-08-13: 76銘柄 (累計: 4,100)
22:44:57 [78/329] 2024-08-14: 192銘柄 (累計: 4,292)
22:45:10 [79/329] 2024-08-15: 5銘柄 (累計: 4,297)
22:45:23 [80/329] 2024-08-16: 5銘柄 (累計: 4,302)
22:45:36 [81/329] 2024-08-19: 6銘柄 (累計: 4,308)
22:45:49 [82/329] 2024-08-26: 4銘柄 (累計: 4,312)
22:46:02 [83/329] 2024-09-03: 2銘柄 (累計: 4,314)
22:46:15 [84/329] 2024-09-04: 1銘柄 (累計: 4,315)
22:46:28 [85/329] 2024-09-06: 9銘柄 (累計: 4,324)
22:46:42 [86/329] 2024-09-09: 9銘柄 (累計: 4,333)
22:46:55 [87/329] 2024-09-10: 6銘柄 (累計: 4,339)
22:47:08 [88/329] 2024-09-11: 11銘柄 (累計: 4,350)
22:47:21 [89/329] 2024-09-12: 26銘柄 (累計: 4,376)
22:47:34 [90/329] 2024-09-13: 59銘柄 (累計: 4,435)
22:47:48 [91/329] 2024-10-01: 3銘柄 (累計: 4,438)
22:48:01 [92/329] 2024-10-02: 2銘柄 (累計: 4,440)
22:48:14 [93/329] 2024-10-04: 14銘柄 (累計: 4,454)
22:48:27 [94/329] 2024-10-07: 7銘柄 (累計: 4,461)
22:48:40 [95/329] 2024-10-09: 22銘柄 (累計: 4,483)
22:48:53 [96/329] 2024-10-10: 41銘柄 (累計: 4,524)
22:49:07 [97/329] 2024-10-11: 88銘柄 (累計: 4,612)
22:49:20 [98/329] 2024-10-15: 91銘柄 (累計: 4,703)
22:49:33 [99/329] 2024-10-18: 10銘柄 (累計: 4,713)
22:49:47 [100/329] 2024-10-24: 13銘柄 (累計: 4,726)
22:50:00 [101/329] 2024-10-29: 45銘柄 (累計: 4,771)
22:50:13 [102/329] 2024-10-30: 75銘柄 (累計: 4,846)
22:50:27 [103/329] 2024-10-31: 196銘柄 (累計: 5,042)
22:50:40 [104/329] 2024-11-05: 71銘柄 (累計: 5,113)
22:50:54 [105/329] 2024-11-06: 106銘柄 (累計: 5,219)
22:51:07 [106/329] 2024-11-07: 163銘柄 (累計: 5,382)
22:51:21 [107/329] 2024-11-08: 316銘柄 (累計: 5,698)
22:51:35 [108/329] 2024-11-11: 164銘柄 (累計: 5,862)
22:51:49 [109/329] 2024-11-12: 190銘柄 (累計: 6,052)
22:52:02 [110/329] 2024-11-13: 233銘柄 (累計: 6,285)
22:52:16 [111/329] 2024-11-14: 369銘柄 (累計: 6,654)
22:52:29 [112/329] 2024-11-15: 7銘柄 (累計: 6,661)
22:52:43 [113/329] 2024-11-26: 2銘柄 (累計: 6,663)
22:52:56 [114/329] 2024-12-04: 3銘柄 (累計: 6,666)
22:53:09 [115/329] 2024-12-06: 8銘柄 (累計: 6,674)
22:53:22 [116/329] 2024-12-09: 8銘柄 (累計: 6,682)
22:53:35 [117/329] 2024-12-10: 4銘柄 (累計: 6,686)
22:53:48 [118/329] 2024-12-11: 13銘柄 (累計: 6,699)
22:54:01 [119/329] 2024-12-12: 17銘柄 (累計: 6,716)
22:54:15 [120/329] 2024-12-13: 49銘柄 (累計: 6,765)
22:54:28 [121/329] 2024-12-16: 16銘柄 (累計: 6,781)
22:54:41 [122/329] 2024-12-20: 7銘柄 (累計: 6,788)
22:54:54 [123/329] 2024-12-23: 4銘柄 (累計: 6,792)
22:55:07 [124/329] 2024-12-27: 6銘柄 (累計: 6,798)
22:55:21 [125/329] 2024-12-30: 1銘柄 (累計: 6,799)
22:55:34 [126/329] 2025-01-06: 3銘柄 (累計: 6,802)
22:55:47 [127/329] 2025-01-09: 13銘柄 (累計: 6,815)
22:56:00 [128/329] 2025-01-10: 44銘柄 (累計: 6,859)
22:56:14 [129/329] 2025-01-14: 87銘柄 (累計: 6,946)
22:56:27 [130/329] 2025-01-15: 9銘柄 (累計: 6,955)
22:56:40 [131/329] 2025-01-16: 4銘柄 (累計: 6,959)
22:56:53 [132/329] 2025-01-17: 9銘柄 (累計: 6,968)
22:57:06 [133/329] 2025-01-21: 2銘柄 (累計: 6,970)
22:57:20 [134/329] 2025-01-23: 3銘柄 (累計: 6,973)
22:57:33 [135/329] 2025-01-24: 6銘柄 (累計: 6,979)
22:57:46 [136/329] 2025-01-29: 8銘柄 (累計: 6,987)
22:57:59 [137/329] 2025-01-30: 31銘柄 (累計: 7,018)
22:58:13 [138/329] 2025-01-31: 61銘柄 (累計: 7,079)
22:58:26 [139/329] 2025-02-03: 24銘柄 (累計: 7,103)
22:58:40 [140/329] 2025-02-04: 27銘柄 (累計: 7,130)
22:58:53 [141/329] 2025-02-05: 33銘柄 (累計: 7,163)
22:59:06 [142/329] 2025-02-06: 55銘柄 (累計: 7,218)
22:59:20 [143/329] 2025-02-07: 98銘柄 (累計: 7,316)
22:59:34 [144/329] 2025-02-10: 62銘柄 (累計: 7,378)
22:59:47 [145/329] 2025-02-12: 113銘柄 (累計: 7,491)
23:00:01 [146/329] 2025-02-13: 194銘柄 (累計: 7,685)
23:00:15 [147/329] 2025-02-14: 348銘柄 (累計: 8,033)
23:00:29 [148/329] 2025-02-17: 9銘柄 (累計: 8,042)
23:00:42 [149/329] 2025-02-18: 2銘柄 (累計: 8,044)
23:00:55 [150/329] 2025-02-19: 5銘柄 (累計: 8,049)
23:01:08 [151/329] 2025-02-21: 8銘柄 (累計: 8,057)
23:01:21 [152/329] 2025-02-25: 2銘柄 (累計: 8,059)
23:01:34 [153/329] 2025-02-28: 5銘柄 (累計: 8,064)
23:01:47 [154/329] 2025-03-03: 4銘柄 (累計: 8,068)
23:02:01 [155/329] 2025-03-04: 4銘柄 (累計: 8,072)
23:02:14 [156/329] 2025-03-06: 3銘柄 (累計: 8,075)
23:02:27 [157/329] 2025-03-10: 6銘柄 (累計: 8,081)
23:02:40 [158/329] 2025-03-11: 5銘柄 (累計: 8,086)
23:02:53 [159/329] 2025-03-12: 14銘柄 (累計: 8,100)
23:03:06 [160/329] 2025-03-13: 25銘柄 (累計: 8,125)
23:03:20 [161/329] 2025-03-14: 58銘柄 (累計: 8,183)
23:03:33 [162/329] 2025-03-17: 23銘柄 (累計: 8,206)
23:03:46 [163/329] 2025-03-26: 6銘柄 (累計: 8,212)
23:03:59 [164/329] 2025-03-27: 1銘柄 (累計: 8,213)
23:04:12 [165/329] 2025-03-28: 8銘柄 (累計: 8,221)
23:04:26 [166/329] 2025-03-31: 10銘柄 (累計: 8,231)
23:04:39 [167/329] 2025-04-01: 1銘柄 (累計: 8,232)
23:04:52 [168/329] 2025-04-02: 2銘柄 (累計: 8,234)
23:05:05 [169/329] 2025-04-03: 7銘柄 (累計: 8,241)
23:05:18 [170/329] 2025-04-04: 13銘柄 (累計: 8,254)
23:05:31 [171/329] 2025-04-07: 6銘柄 (累計: 8,260)
23:05:44 [172/329] 2025-04-08: 9銘柄 (累計: 8,269)
23:05:58 [173/329] 2025-04-09: 11銘柄 (累計: 8,280)
23:06:11 [174/329] 2025-04-10: 42銘柄 (累計: 8,322)
23:06:24 [175/329] 2025-04-11: 88銘柄 (累計: 8,410)
23:06:38 [176/329] 2025-04-14: 129銘柄 (累計: 8,539)
23:06:51 [177/329] 2025-04-15: 3銘柄 (累計: 8,542)
23:07:04 [178/329] 2025-04-17: 6銘柄 (累計: 8,548)
23:07:17 [179/329] 2025-04-18: 8銘柄 (累計: 8,556)
23:07:30 [180/329] 2025-04-22: 7銘柄 (累計: 8,563)
23:07:43 [181/329] 2025-04-23: 12銘柄 (累計: 8,575)
23:07:57 [182/329] 2025-04-24: 31銘柄 (累計: 8,606)
23:08:10 [183/329] 2025-04-25: 56銘柄 (累計: 8,662)
23:08:23 [184/329] 2025-04-28: 70銘柄 (累計: 8,732)
23:08:37 [185/329] 2025-04-30: 106銘柄 (累計: 8,838)
23:08:50 [186/329] 2025-05-01: 23銘柄 (累計: 8,861)
23:09:03 [187/329] 2025-05-02: 22銘柄 (累計: 8,883)
23:09:16 [188/329] 2025-05-07: 51銘柄 (累計: 8,934)
23:09:30 [189/329] 2025-05-08: 149銘柄 (累計: 9,083)
23:09:44 [190/329] 2025-05-09: 372銘柄 (累計: 9,455)
23:09:57 [191/329] 2025-05-12: 251銘柄 (累計: 9,706)
23:10:11 [192/329] 2025-05-13: 440銘柄 (累計: 10,146)
23:10:25 [193/329] 2025-05-14: 496銘柄 (累計: 10,642)
23:10:40 [194/329] 2025-05-15: 488銘柄 (累計: 11,130)
23:10:53 [195/329] 2025-05-16: 16銘柄 (累計: 11,146)
23:11:06 [196/329] 2025-05-19: 11銘柄 (累計: 11,157)
23:11:19 [197/329] 2025-05-20: 24銘柄 (累計: 11,181)
23:11:32 [198/329] 2025-05-27: 8銘柄 (累計: 11,189)
23:11:45 [199/329] 2025-05-29: 12銘柄 (累計: 11,201)
23:11:58 [200/329] 2025-05-30: 12銘柄 (累計: 11,213)
23:12:12 [201/329] 2025-06-02: 2銘柄 (累計: 11,215)
23:12:25 [202/329] 2025-06-03: 5銘柄 (累計: 11,220)
23:12:38 [203/329] 2025-06-05: 6銘柄 (累計: 11,226)
23:12:51 [204/329] 2025-06-09: 8銘柄 (累計: 11,234)
23:13:04 [205/329] 2025-06-10: 9銘柄 (累計: 11,243)
23:13:17 [206/329] 2025-06-11: 8銘柄 (累計: 11,251)
23:13:30 [207/329] 2025-06-12: 19銘柄 (累計: 11,270)
23:13:44 [208/329] 2025-06-13: 53銘柄 (累計: 11,323)
23:13:57 [209/329] 2025-06-16: 11銘柄 (累計: 11,334)
23:14:10 [210/329] 2025-06-18: 5銘柄 (累計: 11,339)
23:14:23 [211/329] 2025-06-19: 2銘柄 (累計: 11,341)
23:14:36 [212/329] 2025-06-20: 11銘柄 (累計: 11,352)
23:14:50 [213/329] 2025-06-25: 7銘柄 (累計: 11,359)
23:15:03 [214/329] 2025-06-26: 7銘柄 (累計: 11,366)
23:15:16 [215/329] 2025-06-27: 8銘柄 (累計: 11,374)
23:15:29 [216/329] 2025-06-30: 10銘柄 (累計: 11,384)
23:15:42 [217/329] 2025-07-03: 7銘柄 (累計: 11,391)
23:15:55 [218/329] 2025-07-04: 9銘柄 (累計: 11,400)
23:16:08 [219/329] 2025-07-07: 5銘柄 (累計: 11,405)
23:16:22 [220/329] 2025-07-08: 8銘柄 (累計: 11,413)
23:16:35 [221/329] 2025-07-09: 3銘柄 (累計: 11,416)
23:16:48 [222/329] 2025-07-10: 20銘柄 (累計: 11,436)
23:17:01 [223/329] 2025-07-11: 46銘柄 (累計: 11,482)
23:17:15 [224/329] 2025-07-14: 36銘柄 (累計: 11,518)
23:17:28 [225/329] 2025-07-15: 38銘柄 (累計: 11,556)
23:17:41 [226/329] 2025-07-18: 4銘柄 (累計: 11,560)
23:17:54 [227/329] 2025-07-22: 0銘柄 (累計: 11,560)
23:18:08 [228/329] 2025-07-29: 12銘柄 (累計: 11,572)
23:18:21 [229/329] 2025-07-31: 77銘柄 (累計: 11,649)
23:18:35 [230/329] 2025-08-01: 34銘柄 (累計: 11,683)
23:18:48 [231/329] 2025-08-05: 52銘柄 (累計: 11,735)
23:19:01 [232/329] 2025-08-06: 53銘柄 (累計: 11,788)
23:19:15 [233/329] 2025-08-07: 130銘柄 (累計: 11,918)
23:19:30 [234/329] 2025-08-08: 223銘柄 (累計: 12,141)
23:19:43 [235/329] 2025-08-12: 67銘柄 (累計: 12,208)
23:19:57 [236/329] 2025-08-13: 79銘柄 (累計: 12,287)
23:20:10 [237/329] 2025-08-14: 184銘柄 (累計: 12,471)
23:20:23 [238/329] 2025-08-15: 9銘柄 (累計: 12,480)
23:20:37 [239/329] 2025-08-18: 7銘柄 (累計: 12,487)
23:20:50 [240/329] 2025-08-19: 2銘柄 (累計: 12,489)
23:21:03 [241/329] 2025-09-02: 2銘柄 (累計: 12,491)
23:21:16 [242/329] 2025-09-04: 5銘柄 (累計: 12,496)
23:21:29 [243/329] 2025-09-05: 5銘柄 (累計: 12,501)
23:21:42 [244/329] 2025-09-10: 9銘柄 (累計: 12,510)
23:21:55 [245/329] 2025-09-11: 26銘柄 (累計: 12,536)
23:22:09 [246/329] 2025-09-12: 70銘柄 (累計: 12,606)
23:22:22 [247/329] 2025-09-16: 14銘柄 (累計: 12,620)
23:22:35 [248/329] 2025-10-01: 3銘柄 (累計: 12,623)
23:22:48 [249/329] 2025-10-02: 6銘柄 (累計: 12,629)
23:23:02 [250/329] 2025-10-08: 10銘柄 (累計: 12,639)
23:23:15 [251/329] 2025-10-09: 27銘柄 (累計: 12,666)
23:23:28 [252/329] 2025-10-10: 68銘柄 (累計: 12,734)
23:23:42 [253/329] 2025-10-14: 80銘柄 (累計: 12,814)
23:23:55 [254/329] 2025-10-15: 84銘柄 (累計: 12,898)
23:24:08 [255/329] 2025-10-17: 6銘柄 (累計: 12,904)
23:24:21 [256/329] 2025-10-24: 14銘柄 (累計: 12,918)
23:24:34 [257/329] 2025-10-28: 24銘柄 (累計: 12,942)
23:24:48 [258/329] 2025-10-30: 96銘柄 (累計: 13,038)
23:25:02 [259/329] 2025-10-31: 203銘柄 (累計: 13,241)
23:25:15 [260/329] 2025-11-04: 48銘柄 (累計: 13,289)
23:25:28 [261/329] 2025-11-05: 84銘柄 (累計: 13,373)
23:25:42 [262/329] 2025-11-06: 114銘柄 (累計: 13,487)
23:25:55 [263/329] 2025-11-07: 229銘柄 (累計: 13,716)
23:26:09 [264/329] 2025-11-10: 140銘柄 (累計: 13,856)
23:26:22 [265/329] 2025-11-11: 173銘柄 (累計: 14,029)
23:26:36 [266/329] 2025-11-12: 188銘柄 (累計: 14,217)
23:26:50 [267/329] 2025-11-13: 300銘柄 (累計: 14,517)
23:27:04 [268/329] 2025-11-14: 378銘柄 (累計: 14,895)
23:27:17 [269/329] 2025-11-18: 1銘柄 (累計: 14,896)
23:27:30 [270/329] 2025-11-25: 0銘柄 (累計: 14,896)
23:27:44 [271/329] 2025-12-04: 2銘柄 (累計: 14,898)
23:27:57 [272/329] 2025-12-05: 7銘柄 (累計: 14,905)
23:28:10 [273/329] 2025-12-08: 3銘柄 (累計: 14,908)
23:28:23 [274/329] 2025-12-09: 4銘柄 (累計: 14,912)
23:28:36 [275/329] 2025-12-10: 8銘柄 (累計: 14,920)
23:28:49 [276/329] 2025-12-11: 19銘柄 (累計: 14,939)
23:29:03 [277/329] 2025-12-12: 39銘柄 (累計: 14,978)
23:29:16 [278/329] 2025-12-15: 29銘柄 (累計: 15,007)
23:29:29 [279/329] 2025-12-16: 3銘柄 (累計: 15,010)
23:29:42 [280/329] 2025-12-18: 0銘柄 (累計: 15,010)
23:29:55 [281/329] 2025-12-19: 5銘柄 (累計: 15,015)
23:30:08 [282/329] 2025-12-22: 4銘柄 (累計: 15,019)
23:30:22 [283/329] 2025-12-24: 3銘柄 (累計: 15,022)
23:30:35 [284/329] 2025-12-25: 6銘柄 (累計: 15,028)
23:30:48 [285/329] 2025-12-26: 5銘柄 (累計: 15,033)
23:31:01 [286/329] 2026-01-05: 2銘柄 (累計: 15,035)
23:31:14 [287/329] 2026-01-07: 3銘柄 (累計: 15,038)
23:31:27 [288/329] 2026-01-08: 10銘柄 (累計: 15,048)
23:31:41 [289/329] 2026-01-09: 23銘柄 (累計: 15,071)
23:31:54 [290/329] 2026-01-13: 39銘柄 (累計: 15,110)
23:32:07 [291/329] 2026-01-14: 78銘柄 (累計: 15,188)
23:32:20 [292/329] 2026-01-15: 3銘柄 (累計: 15,191)
23:32:34 [293/329] 2026-01-16: 6銘柄 (累計: 15,197)
23:32:47 [294/329] 2026-01-19: 3銘柄 (累計: 15,200)
23:33:00 [295/329] 2026-01-20: 2銘柄 (累計: 15,202)
23:33:13 [296/329] 2026-01-22: 1銘柄 (累計: 15,203)
23:33:26 [297/329] 2026-01-23: 2銘柄 (累計: 15,205)
23:33:39 [298/329] 2026-01-26: 4銘柄 (累計: 15,209)
23:33:52 [299/329] 2026-01-28: 7銘柄 (累計: 15,216)
23:34:06 [300/329] 2026-01-29: 28銘柄 (累計: 15,244)
23:34:19 [301/329] 2026-01-30: 50銘柄 (累計: 15,294)
23:34:33 [302/329] 2026-02-02: 21銘柄 (累計: 15,315)
23:34:46 [303/329] 2026-02-03: 36銘柄 (累計: 15,351)
23:34:59 [304/329] 2026-02-04: 24銘柄 (累計: 15,375)
23:35:13 [305/329] 2026-02-05: 45銘柄 (累計: 15,420)
23:35:26 [306/329] 2026-02-06: 63銘柄 (累計: 15,483)
23:35:40 [307/329] 2026-02-09: 49銘柄 (累計: 15,532)
23:35:53 [308/329] 2026-02-10: 90銘柄 (累計: 15,622)
23:36:07 [309/329] 2026-02-12: 163銘柄 (累計: 15,785)
23:36:22 [310/329] 2026-02-13: 424銘柄 (累計: 16,209)
23:36:35 [311/329] 2026-02-16: 35銘柄 (累計: 16,244)
23:36:48 [312/329] 2026-02-17: 1銘柄 (累計: 16,245)
23:37:02 [313/329] 2026-02-18: 3銘柄 (累計: 16,248)
23:37:15 [314/329] 2026-02-19: 3銘柄 (累計: 16,251)
23:37:28 [315/329] 2026-02-24: 3銘柄 (累計: 16,254)
23:37:41 [316/329] 2026-02-26: 3銘柄 (累計: 16,257)
23:37:54 [317/329] 2026-02-27: 4銘柄 (累計: 16,261)
23:38:07 [318/329] 2026-03-02: 4銘柄 (累計: 16,265)
23:38:20 [319/329] 2026-03-03: 0銘柄 (累計: 16,265)
23:38:34 [320/329] 2026-03-04: 4銘柄 (累計: 16,269)
23:38:47 [321/329] 2026-03-05: 4銘柄 (累計: 16,273)
23:39:00 [322/329] 2026-03-06: 5銘柄 (累計: 16,278)
23:39:13 [323/329] 2026-03-09: 2銘柄 (累計: 16,280)
23:39:26 [324/329] 2026-03-10: 6銘柄 (累計: 16,286)
23:39:39 [325/329] 2026-03-11: 8銘柄 (累計: 16,294)
23:39:53 [326/329] 2026-03-12: 24銘柄 (累計: 16,318)
23:40:06 [327/329] 2026-03-13: 46銘柄 (累計: 16,364)
23:40:19 [328/329] 2026-03-16: 22銘柄 (累計: 16,386)
23:40:32 [329/329] 2026-03-17: 30銘柄 (累計: 16,416)
23:40:32 完了: 16,416行保存 / 0エラー
23:40:32 次: python3 core/rf_train_v3.py  ← CFO/TA/自社株買い特徴量込みで再学習
23:40:32 次: python3 core/rf_train_v3.py  ← CFO/TA/自社株買い特徴量込みで再学習
