TSE銘柄リスト取得中...
対象: 3566銘柄中 0件は本日取得済み → 残り3566銘柄
  100/3566 完了（取得成功 100）
  200/3566 完了（取得成功 200）
  300/3566 完了（取得成功 300）
  400/3566 完了（取得成功 400）
  500/3566 完了（取得成功 500）
  600/3566 完了（取得成功 600）
  700/3566 完了（取得成功 700）
  800/3566 完了（取得成功 800）
  900/3566 完了（取得成功 900）
  1000/3566 完了（取得成功 1000）
  1100/3566 完了（取得成功 1100）
  1200/3566 完了（取得成功 1200）
  1300/3566 完了（取得成功 1300）
  1400/3566 完了（取得成功 1400）
  1500/3566 完了（取得成功 1500）
  1600/3566 完了（取得成功 1600）
  1700/3566 完了（取得成功 1700）
  1800/3566 完了（取得成功 1800）
  1900/3566 完了（取得成功 1900）
  2000/3566 完了（取得成功 2000）
  2100/3566 完了（取得成功 2100）
  2200/3566 完了（取得成功 2200）
  2300/3566 完了（取得成功 2300）
  2400/3566 完了（取得成功 2400）
  2500/3566 完了（取得成功 2500）
  2600/3566 完了（取得成功 2600）
  2700/3566 完了（取得成功 2700）
  2800/3566 完了（取得成功 2800）
  2900/3566 完了（取得成功 2900）
  3000/3566 完了（取得成功 3000）
  3100/3566 完了（取得成功 3100）
  3200/3566 完了（取得成功 3200）
  3300/3566 完了（取得成功 3300）
  3400/3566 完了（取得成功 3400）
  3500/3566 完了（取得成功 3500）

完了: 3566/3566銘柄を格納
DB内ファンダ銘柄数: 3566
