============================================================
rf_train_v3: TSE全銘柄 × 5年 ウォークフォワード学習
分割境界: 2026-01-01 / サンプル間隔: 63日
============================================================
対象: 4038銘柄

市場データ取得中...
  日経225:    1471日分取得
  VIX:        1515日分取得（恐怖指数）
  S&P500:     1514日分取得（クロスアセット）
  USD/JPY:    1568日分取得（為替ベータ）

ファンダDB: 3566銘柄分の年度別データを使用（point-in-time）

株価取得中（30〜60分かかります）...
  [100銘柄] 学習:1,276 テスト:97
  [200銘柄] 学習:2,492 テスト:193
  [300銘柄] 学習:3,727 テスト:292
  [400銘柄] 学習:4,971 テスト:389
  [500銘柄] 学習:6,242 テスト:487
  [600銘柄] 学習:7,448 テスト:584
  [700銘柄] 学習:8,698 テスト:678
  [800銘柄] 学習:9,945 テスト:775
  [900銘柄] 学習:11,177 テスト:872
  [1000銘柄] 学習:12,414 テスト:969
  [1100銘柄] 学習:13,653 テスト:1,069
  [1200銘柄] 学習:14,891 テスト:1,165
  [1300銘柄] 学習:16,171 テスト:1,262
  [1400銘柄] 学習:17,401 テスト:1,361
  [1500銘柄] 学習:18,675 テスト:1,458
  [1600銘柄] 学習:19,946 テスト:1,556
  [1700銘柄] 学習:21,165 テスト:1,654
  [1800銘柄] 学習:22,443 テスト:1,752
  [1900銘柄] 学習:23,705 テスト:1,850
  [2000銘柄] 学習:24,973 テスト:1,950
  [2100銘柄] 学習:26,195 テスト:2,046
  [2200銘柄] 学習:27,431 テスト:2,145
  [2300銘柄] 学習:28,700 テスト:2,245
  [2400銘柄] 学習:29,924 テスト:2,342
  [2500銘柄] 学習:31,171 テスト:2,440
  [2600銘柄] 学習:32,379 テスト:2,534
  [2700銘柄] 学習:33,659 テスト:2,633
  [2800銘柄] 学習:34,899 テスト:2,731
  [2900銘柄] 学習:36,127 テスト:2,830
  [3000銘柄] 学習:37,380 テスト:2,928
  [3100銘柄] 学習:38,578 テスト:3,024
  [3200銘柄] 学習:39,830 テスト:3,123
  [3300銘柄] 学習:41,097 テスト:3,220
  [3400銘柄] 学習:42,334 テスト:3,318
  [3500銘柄] 学習:43,600 テスト:3,417
  [3600銘柄] 学習:44,853 テスト:3,517
  [3700銘柄] 学習:46,082 テスト:3,613
  [3800銘柄] 学習:47,333 テスト:3,712
  [3900銘柄] 学習:48,595 テスト:3,811
  [4000銘柄] 学習:49,849 テスト:3,910

完了: 4013銘柄 / 学習:50,010 テスト:3,923

クロスセクショナルランク特徴量を計算中...
  特徴量次元: 54 → 61

--- サンプル統計 ---
絶対上昇ラベル(≥+15.0%):  学習 9,164/50,010 (18.3%)  テスト 459/3,923 (11.7%)
絶対下落ラベル(≤-15.0%):  学習 3,770/50,010 (7.5%)  テスト 724/3,923 (18.5%)
相対上昇ラベル(α≥+8.0%): 学習 10,047/50,010 (20.1%)  テスト 308/3,923 (7.9%)
相対下落ラベル(α≤-8.0%): 学習 16,856/50,010 (33.7%)  テスト 3,090/3,923 (78.8%)

キャリブレーション分割: 学習40,008 / キャリブレーション10,002 (最新20%)

[学習] 絶対上昇モデル...
  正例:6,594 負例:33,414 spw:5.07
[0]	validation_0-auc:0.63808
[100]	validation_0-auc:0.69624
[200]	validation_0-auc:0.69600
[298]	validation_0-auc:0.69409
  テストAUC（生）: 0.6985
  ✅ テストAUC（キャリブレーション後）: 0.6952
/Users/kitagawayuuya/stock-alert/venv/lib/python3.11/site-packages/sklearn/metrics/_classification.py:1833: UndefinedMetricWarning: Precision is ill-defined and being set to 0.0 in labels with no predicted samples. Use `zero_division` parameter to control this behavior.
  _warn_prf(average, modifier, f"{metric.capitalize()} is", result.shape[0])
/Users/kitagawayuuya/stock-alert/venv/lib/python3.11/site-packages/sklearn/metrics/_classification.py:1833: UndefinedMetricWarning: Precision is ill-defined and being set to 0.0 in labels with no predicted samples. Use `zero_division` parameter to control this behavior.
  _warn_prf(average, modifier, f"{metric.capitalize()} is", result.shape[0])
/Users/kitagawayuuya/stock-alert/venv/lib/python3.11/site-packages/sklearn/metrics/_classification.py:1833: UndefinedMetricWarning: Precision is ill-defined and being set to 0.0 in labels with no predicted samples. Use `zero_division` parameter to control this behavior.
  _warn_prf(average, modifier, f"{metric.capitalize()} is", result.shape[0])
              precision    recall  f1-score   support

          負例       0.88      1.00      0.94      3464
          正例       0.00      0.00      0.00       459

    accuracy                           0.88      3923
   macro avg       0.44      0.50      0.47      3923
weighted avg       0.78      0.88      0.83      3923


[学習] 絶対下落モデル...
  正例:3,122 負例:36,886 spw:11.81
[0]	validation_0-auc:0.69556
[100]	validation_0-auc:0.72089
[186]	validation_0-auc:0.72087
  テストAUC（生）: 0.7215
  ✅ テストAUC（キャリブレーション後）: 0.7197
/Users/kitagawayuuya/stock-alert/venv/lib/python3.11/site-packages/sklearn/metrics/_classification.py:1833: UndefinedMetricWarning: Precision is ill-defined and being set to 0.0 in labels with no predicted samples. Use `zero_division` parameter to control this behavior.
  _warn_prf(average, modifier, f"{metric.capitalize()} is", result.shape[0])
/Users/kitagawayuuya/stock-alert/venv/lib/python3.11/site-packages/sklearn/metrics/_classification.py:1833: UndefinedMetricWarning: Precision is ill-defined and being set to 0.0 in labels with no predicted samples. Use `zero_division` parameter to control this behavior.
  _warn_prf(average, modifier, f"{metric.capitalize()} is", result.shape[0])
/Users/kitagawayuuya/stock-alert/venv/lib/python3.11/site-packages/sklearn/metrics/_classification.py:1833: UndefinedMetricWarning: Precision is ill-defined and being set to 0.0 in labels with no predicted samples. Use `zero_division` parameter to control this behavior.
  _warn_prf(average, modifier, f"{metric.capitalize()} is", result.shape[0])
              precision    recall  f1-score   support

          負例       0.82      1.00      0.90      3199
          正例       0.00      0.00      0.00       724

    accuracy                           0.82      3923
   macro avg       0.41      0.50      0.45      3923
weighted avg       0.66      0.82      0.73      3923


[学習] 相対上昇(α)モデル...
  正例:8,468 負例:31,540 spw:3.72
[0]	validation_0-auc:0.56878
[100]	validation_0-auc:0.68293
[166]	validation_0-auc:0.68177
  テストAUC（生）: 0.6911
  ✅ テストAUC（キャリブレーション後）: 0.6911
/Users/kitagawayuuya/stock-alert/venv/lib/python3.11/site-packages/sklearn/metrics/_classification.py:1833: UndefinedMetricWarning: Precision is ill-defined and being set to 0.0 in labels with no predicted samples. Use `zero_division` parameter to control this behavior.
  _warn_prf(average, modifier, f"{metric.capitalize()} is", result.shape[0])
/Users/kitagawayuuya/stock-alert/venv/lib/python3.11/site-packages/sklearn/metrics/_classification.py:1833: UndefinedMetricWarning: Precision is ill-defined and being set to 0.0 in labels with no predicted samples. Use `zero_division` parameter to control this behavior.
  _warn_prf(average, modifier, f"{metric.capitalize()} is", result.shape[0])
/Users/kitagawayuuya/stock-alert/venv/lib/python3.11/site-packages/sklearn/metrics/_classification.py:1833: UndefinedMetricWarning: Precision is ill-defined and being set to 0.0 in labels with no predicted samples. Use `zero_division` parameter to control this behavior.
  _warn_prf(average, modifier, f"{metric.capitalize()} is", result.shape[0])
              precision    recall  f1-score   support

          負例       0.92      1.00      0.96      3615
          正例       0.00      0.00      0.00       308

    accuracy                           0.92      3923
   macro avg       0.46      0.50      0.48      3923
weighted avg       0.85      0.92      0.88      3923


[学習] 相対下落(α)モデル...
  正例:11,580 負例:28,428 spw:2.45
[0]	validation_0-auc:0.41504
[100]	validation_0-auc:0.40453
[150]	validation_0-auc:0.40194
  テストAUC（生）: 0.4150
  ✅ テストAUC（キャリブレーション後）: 0.4969
              precision    recall  f1-score   support

          負例       0.21      1.00      0.35       833
          正例       0.88      0.00      0.00      3090

    accuracy                           0.21      3923
   macro avg       0.54      0.50      0.18      3923
weighted avg       0.73      0.21      0.08      3923


【AUC サマリー】
  絶対上昇: 0.6952  絶対下落: 0.7197
  相対上昇: 0.6911  相対下落: 0.4969
  特徴量重要度: feature_importance.json
  riseモデル最適閾値: 0.343 (F1=0.303)
  dropモデル最適閾値: 0.047 (F1=0.416)

データ保存: /Users/kitagawayuuya/stock-alert/training_data.npz

保存完了 ✅  次: python3 validation.py  →  python3 rank_stocks.py
