============================================================
rf_train_v3: TSE全銘柄 × 5年 ウォークフォワード学習
分割境界: 2026-01-01 / サンプル間隔: 63日
============================================================
対象: 4038銘柄

市場データ取得中...
  日経225:    1471日分取得
  VIX:        1515日分取得（恐怖指数）
  S&P500:     1514日分取得（クロスアセット）
  USD/JPY:    1568日分取得（為替ベータ）

ファンダDB: 3566銘柄分の年度別データを使用（point-in-time）

株価取得中（30〜60分かかります）...
  [100銘柄] 学習:1,276 テスト:97
  [200銘柄] 学習:2,492 テスト:193
  [300銘柄] 学習:3,727 テスト:292
  [400銘柄] 学習:4,971 テスト:390
  [500銘柄] 学習:6,242 テスト:489
  [600銘柄] 学習:7,448 テスト:586
  [700銘柄] 学習:8,698 テスト:680
  [800銘柄] 学習:9,945 テスト:777
  [900銘柄] 学習:11,177 テスト:874
  [1000銘柄] 学習:12,414 テスト:971
  [1100銘柄] 学習:13,653 テスト:1,071
  [1200銘柄] 学習:14,891 テスト:1,167
  [1300銘柄] 学習:16,171 テスト:1,264
  [1400銘柄] 学習:17,401 テスト:1,363
  [1500銘柄] 学習:18,675 テスト:1,460
  [1600銘柄] 学習:19,946 テスト:1,558
  [1700銘柄] 学習:21,165 テスト:1,656
  [1800銘柄] 学習:22,443 テスト:1,754
  [1900銘柄] 学習:23,705 テスト:1,852
  [2000銘柄] 学習:24,973 テスト:1,952
  [2100銘柄] 学習:26,195 テスト:2,048
  [2200銘柄] 学習:27,431 テスト:2,147
  [2300銘柄] 学習:28,700 テスト:2,247
  [2400銘柄] 学習:29,924 テスト:2,345
  [2500銘柄] 学習:31,171 テスト:2,443
  [2600銘柄] 学習:32,379 テスト:2,537
  [2700銘柄] 学習:33,659 テスト:2,636
  [2800銘柄] 学習:34,899 テスト:2,734
  [2900銘柄] 学習:36,127 テスト:2,833
  [3000銘柄] 学習:37,380 テスト:2,931
  [3100銘柄] 学習:38,578 テスト:3,027
  [3200銘柄] 学習:39,830 テスト:3,126
  [3300銘柄] 学習:41,097 テスト:3,223
  [3400銘柄] 学習:42,334 テスト:3,321
  [3500銘柄] 学習:43,600 テスト:3,420
  [3600銘柄] 学習:44,853 テスト:3,520
  [3700銘柄] 学習:46,082 テスト:3,616
  [3800銘柄] 学習:47,333 テスト:3,715
  [3900銘柄] 学習:48,595 テスト:3,814
  [4000銘柄] 学習:49,849 テスト:3,913

完了: 4013銘柄 / 学習:50,010 テスト:3,926

クロスセクショナルランク特徴量を計算中...
  特徴量次元: 53 → 60

--- サンプル統計 ---
絶対上昇ラベル(≥+15.0%):  学習 9,163/50,010 (18.3%)  テスト 459/3,926 (11.7%)
絶対下落ラベル(≤-15.0%):  学習 3,770/50,010 (7.5%)  テスト 726/3,926 (18.5%)
相対上昇ラベル(α≥+8.0%): 学習 10,047/50,010 (20.1%)  テスト 308/3,926 (7.8%)
相対下落ラベル(α≤-8.0%): 学習 16,856/50,010 (33.7%)  テスト 3,092/3,926 (78.8%)

キャリブレーション分割: 学習40,008 / キャリブレーション10,002 (最新20%)

[学習] 絶対上昇モデル...
  正例:6,593 負例:33,415 spw:5.07
[0]	validation_0-auc:0.61884
[100]	validation_0-auc:0.69553
[200]	validation_0-auc:0.69325
[230]	validation_0-auc:0.69387
  テストAUC（生）: 0.6975
  ✅ テストAUC（キャリブレーション後）: 0.6942
/Users/kitagawayuuya/stock-alert/venv/lib/python3.11/site-packages/sklearn/metrics/_classification.py:1833: UndefinedMetricWarning: Precision is ill-defined and being set to 0.0 in labels with no predicted samples. Use `zero_division` parameter to control this behavior.
  _warn_prf(average, modifier, f"{metric.capitalize()} is", result.shape[0])
/Users/kitagawayuuya/stock-alert/venv/lib/python3.11/site-packages/sklearn/metrics/_classification.py:1833: UndefinedMetricWarning: Precision is ill-defined and being set to 0.0 in labels with no predicted samples. Use `zero_division` parameter to control this behavior.
  _warn_prf(average, modifier, f"{metric.capitalize()} is", result.shape[0])
/Users/kitagawayuuya/stock-alert/venv/lib/python3.11/site-packages/sklearn/metrics/_classification.py:1833: UndefinedMetricWarning: Precision is ill-defined and being set to 0.0 in labels with no predicted samples. Use `zero_division` parameter to control this behavior.
  _warn_prf(average, modifier, f"{metric.capitalize()} is", result.shape[0])
              precision    recall  f1-score   support

          負例       0.88      1.00      0.94      3467
          正例       0.00      0.00      0.00       459

    accuracy                           0.88      3926
   macro avg       0.44      0.50      0.47      3926
weighted avg       0.78      0.88      0.83      3926


[学習] 絶対下落モデル...
  正例:3,122 負例:36,886 spw:11.81
[0]	validation_0-auc:0.70400
[100]	validation_0-auc:0.72090
[200]	validation_0-auc:0.72155
[300]	validation_0-auc:0.72200
[400]	validation_0-auc:0.72217
[500]	validation_0-auc:0.72266
[600]	validation_0-auc:0.72310
[700]	validation_0-auc:0.72343
[800]	validation_0-auc:0.72368
[900]	validation_0-auc:0.72391
[1000]	validation_0-auc:0.72358
[1025]	validation_0-auc:0.72369
  テストAUC（生）: 0.7240
  ✅ テストAUC（キャリブレーション後）: 0.7232
              precision    recall  f1-score   support

          負例       0.82      1.00      0.90      3200
          正例       0.38      0.00      0.01       726

    accuracy                           0.81      3926
   macro avg       0.60      0.50      0.45      3926
weighted avg       0.73      0.81      0.73      3926


[学習] 相対上昇(α)モデル...
  正例:8,468 負例:31,540 spw:3.72
[0]	validation_0-auc:0.58840
[100]	validation_0-auc:0.68971
[190]	validation_0-auc:0.69383
  テストAUC（生）: 0.6983
  ✅ テストAUC（キャリブレーション後）: 0.6959
/Users/kitagawayuuya/stock-alert/venv/lib/python3.11/site-packages/sklearn/metrics/_classification.py:1833: UndefinedMetricWarning: Precision is ill-defined and being set to 0.0 in labels with no predicted samples. Use `zero_division` parameter to control this behavior.
  _warn_prf(average, modifier, f"{metric.capitalize()} is", result.shape[0])
/Users/kitagawayuuya/stock-alert/venv/lib/python3.11/site-packages/sklearn/metrics/_classification.py:1833: UndefinedMetricWarning: Precision is ill-defined and being set to 0.0 in labels with no predicted samples. Use `zero_division` parameter to control this behavior.
  _warn_prf(average, modifier, f"{metric.capitalize()} is", result.shape[0])
/Users/kitagawayuuya/stock-alert/venv/lib/python3.11/site-packages/sklearn/metrics/_classification.py:1833: UndefinedMetricWarning: Precision is ill-defined and being set to 0.0 in labels with no predicted samples. Use `zero_division` parameter to control this behavior.
  _warn_prf(average, modifier, f"{metric.capitalize()} is", result.shape[0])
              precision    recall  f1-score   support

          負例       0.92      1.00      0.96      3618
          正例       0.00      0.00      0.00       308

    accuracy                           0.92      3926
   macro avg       0.46      0.50      0.48      3926
weighted avg       0.85      0.92      0.88      3926


[学習] 相対下落(α)モデル...
  正例:11,580 負例:28,428 spw:2.45
[0]	validation_0-auc:0.38795
[100]	validation_0-auc:0.40910
[200]	validation_0-auc:0.41086
[300]	validation_0-auc:0.41018
[400]	validation_0-auc:0.41311
[500]	validation_0-auc:0.41292
[600]	validation_0-auc:0.41377
[700]	validation_0-auc:0.41340
[790]	validation_0-auc:0.41378
  テストAUC（生）: 0.4141
  ✅ テストAUC（キャリブレーション後）: 0.4268
              precision    recall  f1-score   support

          負例       0.17      0.46      0.25       834
          正例       0.73      0.39      0.51      3092

    accuracy                           0.41      3926
   macro avg       0.45      0.43      0.38      3926
weighted avg       0.61      0.41      0.46      3926


【AUC サマリー】
  絶対上昇: 0.6942  絶対下落: 0.7232
  相対上昇: 0.6959  相対下落: 0.4268
  特徴量重要度: feature_importance.json
  riseモデル最適閾値: 0.266 (F1=0.292)
  dropモデル最適閾値: 0.078 (F1=0.425)

データ保存: /Users/kitagawayuuya/stock-alert/training_data.npz

保存完了 ✅  次: python3 validation.py  →  python3 rank_stocks.py
