【下落相場テストモード: 2024年8月クラッシュ期】
【カスタム期間: 2023-01-01 → 2026-06-01】
============================================================
  ローリング5日バックテスト: 2023-01-01 → 2026-06-01
  上位5銘柄 × 各ラウンド
============================================================
モデル読み込み完了（4モデルアンサンブル）
TSE全銘柄リストを取得中...
日経225データ取得中...
株価データ取得中（3734銘柄）...
  200/3734 取得済み...
  400/3734 取得済み...
  600/3734 取得済み...
  800/3734 取得済み...
  1000/3734 取得済み...
  1200/3734 取得済み...
  1400/3734 取得済み...
  1600/3734 取得済み...
  1800/3734 取得済み...
  2000/3734 取得済み...
  2200/3734 取得済み...
  2400/3734 取得済み...
  2600/3734 取得済み...
  2800/3734 取得済み...
  3000/3734 取得済み...
  3200/3734 取得済み...
  3400/3734 取得済み...
  3600/3734 取得済み...
品質フィルター通過: 3372 銘柄
  R01 [2023-01-04→2023-01-12] avg=+0.43%  日経=+2.85%  勝率=3/5
  R02 [2023-01-12→2023-01-19] avg=+0.53%  日経=-0.17%  勝率=2/5
  R03 [2023-01-19→2023-01-26] avg=+4.59%  日経=+3.63%  勝率=5/5
  R04 [2023-01-26→2023-02-02] avg=+2.78%  日経=+0.14%  勝率=4/5
  R05 [2023-02-02→2023-02-09] avg=+4.76%  日経=+0.67%  勝率=3/5
  R06 [2023-02-09→2023-02-16] avg=-0.53%  日経=+0.41%  勝率=2/5
  R07 [2023-02-16→2023-02-24] avg=+2.34%  日経=-0.88%  勝率=3/5
  R08 [2023-02-24→2023-03-03] avg=+4.53%  日経=+1.73%  勝率=5/5
  R09 [2023-03-03→2023-03-10] avg=-0.15%  日経=+0.78%  勝率=2/5
  R10 [2023-03-10→2023-03-17] avg=-5.64%  日経=-2.88%  勝率=1/5
  R11 [2023-03-17→2023-03-27] avg=+0.14%  日経=+0.52%  勝率=3/5
  R12 [2023-03-27→2023-04-03] avg=+4.98%  日経=+2.59%  勝率=4/5
  R13 [2023-04-03→2023-04-10] avg=-1.52%  日経=-1.97%  勝率=3/5
  R14 [2023-04-10→2023-04-17] avg=+4.21%  日経=+3.19%  勝率=3/5
  R15 [2023-04-17→2023-04-24] avg=+1.33%  日経=+0.28%  勝率=3/5
  R16 [2023-04-24→2023-05-01] avg=+2.30%  日経=+1.85%  勝率=4/5
  R17 [2023-05-01→2023-05-11] avg=-0.15%  日経=+0.01%  勝率=1/5
  R18 [2023-05-11→2023-05-18] avg=+1.19%  日経=+4.97%  勝率=2/5
  R19 [2023-05-18→2023-05-25] avg=+3.04%  日経=+0.74%  勝率=3/5
  R20 [2023-05-25→2023-06-01] avg=-3.45%  日経=+1.13%  勝率=0/5
  R21 [2023-06-01→2023-06-08] avg=+2.20%  日経=+1.58%  勝率=5/5
  R22 [2023-06-08→2023-06-15] avg=-1.26%  日経=+5.83%  勝率=3/5
  R23 [2023-06-15→2023-06-22] avg=-0.17%  日経=-0.66%  勝率=2/5
  R24 [2023-06-22→2023-06-29] avg=-0.61%  日経=-0.09%  勝率=2/5
  R25 [2023-06-29→2023-07-06] avg=-1.87%  日経=-1.39%  勝率=2/5
  R26 [2023-07-06→2023-07-13] avg=+1.00%  日経=-1.08%  勝率=3/5
  R27 [2023-07-13→2023-07-21] avg=+0.66%  日経=-0.35%  勝率=4/5
  R28 [2023-07-21→2023-07-28] avg=+0.62%  日経=+1.41%  勝率=4/5
  R29 [2023-07-28→2023-08-04] avg=-2.42%  日経=-1.73%  勝率=1/5
  R30 [2023-08-04→2023-08-14] avg=+1.05%  日経=-0.41%  勝率=3/5
  R31 [2023-08-14→2023-08-21] avg=+0.20%  日経=-1.54%  勝率=3/5
  R32 [2023-08-21→2023-08-28] avg=+4.18%  日経=+1.91%  勝率=5/5
  R33 [2023-08-28→2023-09-04] avg=+9.51%  日経=+2.39%  勝率=4/5
  R34 [2023-09-04→2023-09-11] avg=-3.41%  日経=-1.43%  勝率=1/5
  R35 [2023-09-11→2023-09-19] avg=+3.05%  日経=+2.39%  勝率=4/5
  R36 [2023-09-19→2023-09-26] avg=+0.68%  日経=-2.79%  勝率=4/5
  R37 [2023-09-26→2023-10-03] avg=-1.22%  日経=-3.33%  勝率=1/5
  R38 [2023-10-03→2023-10-11] avg=-2.22%  日経=+2.24%  勝率=1/5
  R39 [2023-10-11→2023-10-18] avg=-0.08%  日経=+0.33%  勝率=1/5
  R40 [2023-10-18→2023-10-25] avg=+2.18%  日経=-2.41%  勝率=4/5
  R41 [2023-10-25→2023-11-01] avg=+3.84%  日経=+1.06%  勝率=5/5
  R42 [2023-11-01→2023-11-09] avg=-0.72%  日経=+3.31%  勝率=1/5
  R43 [2023-11-09→2023-11-16] avg=-1.05%  日経=+2.38%  勝率=2/5
  R44 [2023-11-16→2023-11-24] avg=+5.96%  日経=+0.60%  勝率=4/5
  R45 [2023-11-24→2023-12-01] avg=-0.03%  日経=-0.58%  勝率=3/5
  R46 [2023-12-01→2023-12-08] avg=+0.45%  日経=-3.36%  勝率=3/5
  R47 [2023-12-08→2023-12-15] avg=+2.43%  日経=+2.05%  勝率=4/5
  R48 [2023-12-15→2023-12-22] avg=-0.90%  日経=+0.60%  勝率=1/5
  R49 [2023-12-22→2023-12-29] avg=+1.51%  日経=+0.89%  勝率=4/5
  R50 [2023-12-29→2024-01-11] avg=+3.31%  日経=+4.74%  勝率=3/5
  R51 [2024-01-11→2024-01-18] avg=-0.88%  日経=+1.19%  勝率=2/5
  R52 [2024-01-18→2024-01-25] avg=+3.09%  日経=+2.17%  勝率=3/5
  R53 [2024-01-25→2024-02-01] avg=-2.34%  日経=-0.62%  勝率=1/5
  R54 [2024-02-01→2024-02-08] avg=+0.34%  日経=+2.37%  勝率=2/5
  R55 [2024-02-08→2024-02-16] avg=-1.04%  日経=+4.41%  勝率=4/5
  R56 [2024-02-16→2024-02-26] avg=-1.93%  日経=+1.94%  勝率=2/5
  R57 [2024-02-26→2024-03-04] avg=-1.69%  日経=+2.23%  勝率=2/5
  R58 [2024-03-04→2024-03-11] avg=+2.14%  日経=-3.21%  勝率=4/5
  R59 [2024-03-11→2024-03-18] avg=-7.61%  日経=+2.37%  勝率=0/5
  R60 [2024-03-18→2024-03-26] avg=+4.17%  日経=+1.65%  勝率=4/5
  R61 [2024-03-26→2024-04-02] avg=-13.88%  日経=-1.38%  勝率=0/5
  R62 [2024-04-02→2024-04-09] avg=-2.74%  日経=-0.17%  勝率=0/5
  R63 [2024-04-09→2024-04-16] avg=-8.81%  日経=-3.27%  勝率=0/5
  R64 [2024-04-16→2024-04-23] avg=+2.43%  日経=-2.39%  勝率=5/5
  R65 [2024-04-23→2024-05-01] avg=-3.12%  日経=+1.92%  勝率=1/5
  R66 [2024-05-01→2024-05-10] avg=+0.97%  日経=-0.12%  勝率=4/5
  R67 [2024-05-10→2024-05-17] avg=-2.75%  日経=+1.46%  勝率=2/5
  R68 [2024-05-17→2024-05-24] avg=+0.21%  日経=-0.36%  勝率=2/5
  R69 [2024-05-24→2024-05-31] avg=+2.17%  日経=-0.41%  勝率=3/5
  R70 [2024-05-31→2024-06-07] avg=+6.11%  日経=+0.51%  勝率=5/5
  R71 [2024-06-07→2024-06-14] avg=+14.70%  日経=+0.34%  勝率=4/5
  R72 [2024-06-14→2024-06-21] avg=+1.06%  日経=-0.56%  勝率=3/5
  R73 [2024-06-21→2024-06-28] avg=+3.17%  日経=+2.56%  勝率=3/5
  R74 [2024-06-28→2024-07-05] avg=-4.10%  日経=+3.36%  勝率=0/5
  R75 [2024-07-05→2024-07-12] avg=-0.76%  日経=+0.68%  勝率=2/5
  R76 [2024-07-12→2024-07-22] avg=-1.35%  日経=-3.86%  勝率=2/5
  R77 [2024-07-22→2024-07-29] avg=+3.02%  日経=-2.85%  勝率=3/5
  R78 [2024-07-29→2024-08-05] avg=-20.31%  日経=-18.22%  勝率=0/5
  R79 [2024-08-05→2024-08-13] avg=+20.07%  日経=+15.18%  勝率=5/5
  R80 [2024-08-13→2024-08-20] avg=+3.88%  日経=+5.05%  勝率=5/5
  R81 [2024-08-20→2024-08-27] avg=+2.16%  日経=+0.59%  勝率=5/5
  R82 [2024-08-27→2024-09-03] avg=+2.08%  日経=+1.04%  勝率=4/5
  R83 [2024-09-03→2024-09-10] avg=-2.55%  日経=-6.53%  勝率=2/5
  R84 [2024-09-10→2024-09-18] avg=-1.48%  日経=+0.61%  勝率=2/5
  R85 [2024-09-18→2024-09-26] avg=+3.82%  日経=+7.00%  勝率=4/5
  R86 [2024-09-26→2024-10-03] avg=+7.56%  日経=-0.96%  勝率=2/5
  R87 [2024-10-03→2024-10-10] avg=-1.02%  日経=+2.15%  勝率=2/5
  R88 [2024-10-10→2024-10-18] avg=-0.37%  日経=-1.01%  勝率=1/5
  R89 [2024-10-18→2024-10-25] avg=-8.17%  日経=-2.74%  勝率=1/5
  R90 [2024-10-25→2024-11-01] avg=+1.61%  日経=+0.37%  勝率=4/5
  R91 [2024-11-01→2024-11-11] avg=+5.36%  日経=+3.89%  勝率=4/5
  R92 [2024-11-11→2024-11-18] avg=-3.04%  日経=-3.32%  勝率=0/5
  R93 [2024-11-18→2024-11-25] avg=+2.90%  日経=+1.46%  勝率=4/5
  R94 [2024-11-25→2024-12-02] avg=-0.61%  日経=-0.69%  勝率=1/5
  R95 [2024-12-02→2024-12-09] avg=-1.58%  日経=+1.68%  勝率=2/5
  R96 [2024-12-09→2024-12-16] avg=-4.12%  日経=+0.76%  勝率=1/5
  R97 [2024-12-16→2024-12-23] avg=+1.78%  日経=-0.75%  勝率=4/5
  R98 [2024-12-23→2024-12-30] avg=+4.42%  日経=+1.87%  勝率=3/5
  R99 [2024-12-30→2025-01-10] avg=-6.41%  日経=-1.77%  勝率=0/5
  R100 [2025-01-10→2025-01-20] avg=-0.60%  日経=-0.73%  勝率=1/5
  R101 [2025-01-20→2025-01-27] avg=+3.18%  日経=+1.71%  勝率=4/5
  R102 [2025-01-27→2025-02-03] avg=+0.29%  日経=-2.64%  勝率=2/5
  R103 [2025-02-03→2025-02-10] avg=+2.89%  日経=+0.73%  勝率=3/5
  R104 [2025-02-10→2025-02-18] avg=+3.47%  日経=+1.21%  勝率=3/5
  R105 [2025-02-18→2025-02-26] avg=+0.62%  日経=-2.87%  勝率=2/5
  R106 [2025-02-26→2025-03-05] avg=-5.88%  日経=-1.90%  勝率=1/5
  R107 [2025-03-05→2025-03-12] avg=-2.60%  日経=-1.60%  勝率=2/5
  R108 [2025-03-12→2025-03-19] avg=-2.08%  日経=+2.53%  勝率=2/5
  R109 [2025-03-19→2025-03-27] avg=-0.29%  日経=+0.13%  勝率=1/5
  R110 [2025-03-27→2025-04-03] avg=-3.31%  日経=-8.11%  勝率=1/5
  R111 [2025-04-03→2025-04-10] avg=-2.09%  日経=-0.37%  勝率=2/5
  R112 [2025-04-10→2025-04-17] avg=+5.61%  日経=-0.67%  勝率=3/5
  R113 [2025-04-17→2025-04-24] avg=+4.52%  日経=+1.92%  勝率=5/5
  R114 [2025-04-24→2025-05-02] avg=-0.49%  日経=+5.11%  勝率=1/5
  R115 [2025-05-02→2025-05-13] avg=-1.23%  日経=+3.67%  勝率=2/5
  R116 [2025-05-13→2025-05-20] avg=-1.36%  日経=-1.71%  勝率=1/5
  R117 [2025-05-20→2025-05-27] avg=+3.15%  日経=+0.52%  勝率=5/5
  R118 [2025-05-27→2025-06-03] avg=+12.09%  日経=-0.74%  勝率=5/5
  R119 [2025-06-03→2025-06-10] avg=+7.62%  日経=+2.04%  勝率=4/5
  R120 [2025-06-10→2025-06-17] avg=+4.56%  日経=+0.85%  勝率=4/5
  R121 [2025-06-17→2025-06-24] avg=+0.30%  日経=+0.66%  勝率=3/5
  R122 [2025-06-24→2025-07-01] avg=-11.39%  日経=+3.08%  勝率=0/5
  R123 [2025-07-01→2025-07-08] avg=+1.72%  日経=-0.74%  勝率=4/5
  R124 [2025-07-08→2025-07-15] avg=+1.56%  日経=-0.03%  勝率=2/5
  R125 [2025-07-15→2025-07-23] avg=+0.07%  日経=+3.76%  勝率=2/5
  R126 [2025-07-23→2025-07-30] avg=+4.29%  日経=-1.25%  勝率=3/5
  R127 [2025-07-30→2025-08-06] avg=+1.76%  日経=+0.34%  勝率=3/5
  R128 [2025-08-06→2025-08-14] avg=+0.90%  日経=+4.55%  勝率=2/5
  R129 [2025-08-14→2025-08-21] avg=-1.74%  日経=-0.09%  勝率=1/5
  R130 [2025-08-21→2025-08-28] avg=+2.61%  日経=+0.51%  勝率=3/5
  R131 [2025-08-28→2025-09-04] avg=-2.23%  日経=-0.58%  勝率=2/5
  R132 [2025-09-04→2025-09-11] avg=-0.84%  日経=+4.21%  勝率=1/5
  R133 [2025-09-11→2025-09-19] avg=-1.29%  日経=+1.52%  勝率=3/5
  R134 [2025-09-19→2025-09-29] avg=-3.45%  日経=-0.00%  勝率=3/5
  R135 [2025-09-29→2025-10-06] avg=-0.40%  日経=+6.44%  勝率=3/5
  R136 [2025-10-06→2025-10-14] avg=-3.78%  日経=-2.29%  勝率=1/5
  R137 [2025-10-14→2025-10-21] avg=+0.87%  日経=+5.27%  勝率=3/5
  R138 [2025-10-21→2025-10-28] avg=+0.06%  日経=+1.83%  勝率=3/5
  R139 [2025-10-28→2025-11-05] avg=-3.52%  日経=-0.01%  勝率=1/5
  R140 [2025-11-05→2025-11-12] avg=+1.23%  日経=+1.69%  勝率=3/5
  R141 [2025-11-12→2025-11-19] avg=-9.95%  日経=-4.95%  勝率=1/5
  R142 [2025-11-19→2025-11-27] avg=+3.75%  日経=+3.36%  勝率=4/5
  R143 [2025-11-27→2025-12-04] avg=-0.02%  日経=+1.72%  勝率=2/5
  R144 [2025-12-04→2025-12-11] avg=-3.64%  日経=-1.72%  勝率=0/5
  R145 [2025-12-11→2025-12-18] avg=+3.50%  日経=-2.29%  勝率=4/5
  R146 [2025-12-18→2025-12-25] avg=+6.52%  日経=+2.87%  勝率=5/5
  R147 [2025-12-25→2026-01-06] avg=-1.26%  日経=+4.19%  勝率=4/5
  R148 [2026-01-06→2026-01-14] avg=-1.30%  日経=+3.47%  勝率=2/5
  R149 [2026-01-14→2026-01-21] avg=+1.68%  日経=-2.88%  勝率=3/5
  R150 [2026-01-21→2026-01-28] avg=-1.84%  日経=+1.11%  勝率=2/5
  R151 [2026-01-28→2026-02-04] avg=+0.02%  日経=+1.75%  勝率=3/5
  R152 [2026-02-04→2026-02-12] avg=-2.63%  日経=+6.16%  勝率=2/5
  R153 [2026-02-12→2026-02-19] avg=-8.85%  日経=-0.30%  勝率=1/5
  R154 [2026-02-19→2026-02-27] avg=+1.42%  日経=+2.41%  勝率=4/5
  R155 [2026-02-27→2026-03-06] avg=-4.10%  日経=-5.49%  勝率=1/5
  R156 [2026-03-06→2026-03-13] avg=-2.44%  日経=-3.24%  勝率=0/5
  R157 [2026-03-13→2026-03-23] avg=-6.83%  日経=-4.28%  勝率=0/5
  R158 [2026-03-23→2026-03-30] avg=+4.91%  日経=+0.72%  勝率=3/5
  R159 [2026-03-30→2026-04-06] avg=+11.85%  日経=+2.94%  勝率=5/5
  R160 [2026-04-06→2026-04-13] avg=-1.45%  日経=+5.78%  勝率=1/5
  R161 [2026-04-13→2026-04-20] avg=-1.68%  日経=+4.11%  勝率=3/5
  R162 [2026-04-20→2026-04-27] avg=-0.66%  日経=+2.91%  勝率=1/5
  R163 [2026-04-27→2026-05-08] avg=+3.99%  日経=+3.59%  勝率=3/5
  R164 [2026-05-08→2026-05-15] avg=-2.70%  日経=-2.08%  勝率=2/5
  R165 [2026-05-15→2026-05-22] avg=-1.30%  日経=+3.14%  勝率=2/5
  R166 [2026-05-22→2026-05-29] avg=-4.49%  日経=+4.72%  勝率=1/5

============================================================
【ローリング5日 複合結果: 166ラウンド】
  平均リターン: +0.28%
  勝率（+0%以上）: 86/166 = 51.8%
  大勝率（+8%以上）: 5/166 = 3.0%
  日経平均リターン: +0.62%
  日経アルファ: -0.34%
  日経225 期間合計: +156.51% (2023-01-01→2026-06-01)

全結果保存: /Users/kitagawayuuya/stock-alert/simulations/backtests/rolling5d_2023-01-01_2026-06-01.csv
完了
