================================================================
  集中アルファ v2 バックテスト [v2]  2025-01-01 → 2026-06-11
  集中5銘柄 / 最大63日保有 / 意思決定10営業日ごと
================================================================
モデル読み込み完了
株価データ取得中（3734銘柄）...
  500/3734 ...
  1000/3734 ...
  1500/3734 ...
  2000/3734 ...
  2500/3734 ...
  3000/3734 ...
  3500/3734 ...
有効銘柄: 3709

================================================================
【v2 成績  2025-01-01→2026-06-11（526日）】
  トレード数:        28
  期間トータル:      +26.8%   (資産 1.27倍)
  CAGR(年率):        +17.9%
  平均/中央 リターン: +4.50% / +1.69%
  勝率:              64%
  大勝率(≥15%):     14%
  最大ドローダウン:   -12.9%
  日経225 同期間:     +59.3%   → アルファ -32.4%
    元本¥100万 → 1億円: 約27.9年（CAGR 17.9%継続前提）
    元本¥300万 → 1億円: 約21.2年（CAGR 17.9%継続前提）
    元本¥1000万 → 1億円: 約14.0年（CAGR 17.9%継続前提）
  売却理由: トレール11 / 時間切れ11 / 期末4 / drop急騰2

トレード明細: /Users/kitagawayuuya/stock-alert/simulations/backtests/strategy_v2_v2_2025-01-01_2026-06-11.csv
完了
