================================================================
  集中アルファ v2 バックテスト [mom]  2025-01-01 → 2026-06-11
  集中5銘柄 / 最大63日保有 / 意思決定10営業日ごと
================================================================
モデル読み込み完了
株価データ取得中（3734銘柄）...
  500/3734 ...
  1000/3734 ...
  1500/3734 ...
  2000/3734 ...
  2500/3734 ...
  3000/3734 ...
  3500/3734 ...
有効銘柄: 3717

================================================================
【mom 成績  2025-01-01→2026-06-11（526日）】
  トレード数:        49
  期間トータル:      +44.3%   (資産 1.44倍)
  CAGR(年率):        +29.0%
  平均/中央 リターン: +9.28% / -4.28%
  勝率:              39%
  大勝率(≥15%):     20%
  最大ドローダウン:   -39.4%
  日経225 同期間:     +60.8%   → アルファ -16.4%
    元本¥100万 → 1億円: 約18.1年（CAGR 29.0%継続前提）
    元本¥300万 → 1億円: 約13.8年（CAGR 29.0%継続前提）
    元本¥1000万 → 1億円: 約9.0年（CAGR 29.0%継続前提）
  売却理由: net<546 / 期末2 / 時間切れ1

トレード明細: /Users/kitagawayuuya/stock-alert/simulations/backtests/strategy_v2_mom_2025-01-01_2026-06-11.csv
完了
