================================================================
  集中アルファ v2 バックテスト [mom]  2024-07-01 → 2024-10-01
  集中20銘柄 / 最大63日保有 / 意思決定10営業日ごと
================================================================
モデル読み込み完了
株価データ取得中（3734銘柄）...
  500/3734 ...
  1000/3734 ...
  1500/3734 ...
  2000/3734 ...
  2500/3734 ...
  3000/3734 ...
  3500/3734 ...
有効銘柄: 3717

================================================================
【mom 成績  2024-07-01→2024-10-01（92日）】
  トレード数:        20
  期間トータル:      -8.5%   (資産 0.92倍)
  CAGR(年率):        -29.6%
  平均/中央 リターン: -8.45% / -17.98%
  勝率:              40%
  大勝率(≥15%):     20%
  最大ドローダウン:   -23.7%
  日経225 同期間:     -2.5%   → アルファ -6.0%
  売却理由: 期末19 / トレール1

トレード明細: /Users/kitagawayuuya/stock-alert/simulations/backtests/strategy_v2_mom_bear.csv
完了
