================================================================
  集中アルファ v2 バックテスト [v2]  2025-01-01 → 2026-06-11
  集中5銘柄 / 最大63日保有 / 意思決定10営業日ごと
================================================================
モデル読み込み完了
株価データ取得中（3734銘柄）...
  500/3734 ...
  1000/3734 ...
  1500/3734 ...
  2000/3734 ...
  2500/3734 ...
  3000/3734 ...
  3500/3734 ...
有効銘柄: 3717

================================================================
【v2 成績  2025-01-01→2026-06-11（526日）】
  トレード数:        14
  期間トータル:      +18.2%   (資産 1.18倍)
  CAGR(年率):        +12.3%
  平均/中央 リターン: +6.63% / -1.70%
  勝率:              36%
  大勝率(≥15%):     29%
  最大ドローダウン:   -9.1%
  日経225 同期間:     +60.8%   → アルファ -42.7%
    元本¥100万 → 1億円: 約39.8年（CAGR 12.3%継続前提）
    元本¥300万 → 1億円: 約30.3年（CAGR 12.3%継続前提）
    元本¥1000万 → 1億円: 約19.9年（CAGR 12.3%継続前提）
  売却理由: トレール8 / 期末4 / 時間切れ2

トレード明細: /Users/kitagawayuuya/stock-alert/simulations/backtests/strategy_v2_v2_2025-01-01_2026-06-11.csv
完了
