================================================================
  集中アルファ v2 バックテスト [v2]  2024-07-01 → 2024-10-01
  集中5銘柄 / 最大63日保有 / 意思決定10営業日ごと
================================================================
モデル読み込み完了
株価データ取得中（3734銘柄）...
  500/3734 ...
  1000/3734 ...
  1500/3734 ...
  2000/3734 ...
  2500/3734 ...
  3000/3734 ...
  3500/3734 ...
有効銘柄: 3717

================================================================
【v2 成績  2024-07-01→2024-10-01（92日）】
  トレード数:        7
  期間トータル:      +1.6%   (資産 1.02倍)
  CAGR(年率):        +6.6%
  平均/中央 リターン: +1.17% / -0.90%
  勝率:              43%
  大勝率(≥15%):     14%
  最大ドローダウン:   -4.6%
  日経225 同期間:     -2.5%   → アルファ +4.1%
    元本¥100万 → 1億円: 約72.0年（CAGR 6.6%継続前提）
    元本¥300万 → 1億円: 約54.8年（CAGR 6.6%継続前提）
    元本¥1000万 → 1億円: 約36.0年（CAGR 6.6%継続前提）
  売却理由: 期末4 / トレール2 / drop急騰1

トレード明細: /Users/kitagawayuuya/stock-alert/simulations/backtests/strategy_v2_v2_bear.csv
完了
