================================================================
  集中アルファ v2 バックテスト [v4]  2024-07-01 → 2024-10-01
  集中5銘柄 / 最大63日保有 / 意思決定10営業日ごと
================================================================
モデル読み込み完了
株価データ取得中（3734銘柄）...
  500/3734 ...
  1000/3734 ...
  1500/3734 ...
  2000/3734 ...
  2500/3734 ...
  3000/3734 ...
  3500/3734 ...
有効銘柄: 3717

================================================================
【v4 成績  2024-07-01→2024-10-01（92日）】
  トレード数:        10
  期間トータル:      -4.8%   (資産 0.95倍)
  CAGR(年率):        -17.6%
  平均/中央 リターン: -2.37% / -2.05%
  勝率:              20%
  大勝率(≥15%):     0%
  最大ドローダウン:   -4.9%
  日経225 同期間:     -2.5%   → アルファ -2.3%
  売却理由: 相場退避5 / 期末5

トレード明細: /Users/kitagawayuuya/stock-alert/simulations/backtests/strategy_v2_v4_bear.csv
完了
