================================================================
  集中アルファ v2 バックテスト [mom]  2025-01-01 → 2026-06-11
  集中5銘柄 / 最大63日保有 / 意思決定10営業日ごと
================================================================
モデル読み込み完了
株価データ取得中（3734銘柄）...
  500/3734 ...
  1000/3734 ...
  1500/3734 ...
  2000/3734 ...
  2500/3734 ...
  3000/3734 ...
  3500/3734 ...
有効銘柄: 3717

================================================================
【mom 成績  2025-01-01→2026-06-11（526日）】
  トレード数:        10
  期間トータル:      -20.4%   (資産 0.80倍)
  CAGR(年率):        -14.6%
  平均/中央 リターン: -7.20% / -44.48%
  勝率:              20%
  大勝率(≥15%):     20%
  最大ドローダウン:   -66.6%
  日経225 同期間:     +60.7%   → アルファ -81.1%
  売却理由: 期末5 / 時間切れ4 / トレール1

トレード明細: /Users/kitagawayuuya/stock-alert/simulations/backtests/strategy_v2_mom_2025-01-01_2026-06-11.csv
完了
