================================================================
  集中アルファ v2 バックテスト [momnet]  2025-01-01 → 2026-06-11
  集中5銘柄 / 最大63日保有 / 意思決定10営業日ごと
================================================================
モデル読み込み完了
株価データ取得中（3734銘柄）...
  500/3734 ...
  1000/3734 ...
  1500/3734 ...
  2000/3734 ...
  2500/3734 ...
  3000/3734 ...
  3500/3734 ...
有効銘柄: 3717

================================================================
【momnet 成績  2025-01-01→2026-06-11（526日）】
  トレード数:        15
  期間トータル:      -11.9%   (資産 0.88倍)
  CAGR(年率):        -8.4%
  平均/中央 リターン: -2.89% / -1.48%
  勝率:              47%
  大勝率(≥15%):     20%
  最大ドローダウン:   -27.3%
  日経225 同期間:     +60.8%   → アルファ -72.7%
  売却理由: トレール6 / 期末4 / drop急騰3 / 時間切れ2

トレード明細: /Users/kitagawayuuya/stock-alert/simulations/backtests/strategy_v2_momnet_2025-01-01_2026-06-11.csv
完了
