================================================================
  集中アルファ v2 バックテスト [mom]  2024-07-01 → 2024-10-01
  集中5銘柄 / 最大63日保有 / 意思決定10営業日ごと
================================================================
モデル読み込み完了
株価データ取得中（3734銘柄）...
  500/3734 ...
  1000/3734 ...
  1500/3734 ...
  2000/3734 ...
  2500/3734 ...
  3000/3734 ...
  3500/3734 ...
有効銘柄: 3717

================================================================
【mom 成績  2024-07-01→2024-10-01（92日）】
  トレード数:        23
  期間トータル:      -40.2%   (資産 0.60倍)
  CAGR(年率):        -87.0%
  平均/中央 リターン: -10.11% / -7.14%
  勝率:              30%
  大勝率(≥15%):     0%
  最大ドローダウン:   -42.5%
  日経225 同期間:     -2.5%   → アルファ -37.7%
  売却理由: net<518 / 期末5

トレード明細: /Users/kitagawayuuya/stock-alert/simulations/backtests/strategy_v2_mom_bear.csv
完了
