================================================================
  集中アルファ v2 バックテスト [momreg]  2025-01-01 → 2026-06-11
  集中5銘柄 / 最大63日保有 / 意思決定10営業日ごと
================================================================
モデル読み込み完了
株価データ取得中（3734銘柄）...
  500/3734 ...
  1000/3734 ...
  1500/3734 ...
  2000/3734 ...
  2500/3734 ...
  3000/3734 ...
  3500/3734 ...
有効銘柄: 3717

================================================================
【momreg 成績  2025-01-01→2026-06-11（526日）】
  トレード数:        21
  期間トータル:      -42.4%   (資産 0.58倍)
  CAGR(年率):        -31.8%
  平均/中央 リターン: -10.00% / -12.82%
  勝率:              19%
  大勝率(≥15%):     19%
  最大ドローダウン:   -55.6%
  日経225 同期間:     +60.6%   → アルファ -103.0%
  売却理由: 相場退避14 / 期末5 / トレール2

トレード明細: /Users/kitagawayuuya/stock-alert/simulations/backtests/strategy_v2_momreg_2025-01-01_2026-06-11.csv
完了
