================================================================
  集中アルファ v2 バックテスト [v3]  2025-01-01 → 2026-06-11
  集中5銘柄 / 最大63日保有 / 意思決定10営業日ごと
================================================================
モデル読み込み完了
株価データ取得中（3734銘柄）...
  500/3734 ...
  1000/3734 ...
  1500/3734 ...
  2000/3734 ...
  2500/3734 ...
  3000/3734 ...
  3500/3734 ...
有効銘柄: 3717

================================================================
【v3 成績  2025-01-01→2026-06-11（526日）】
  トレード数:        15
  期間トータル:      +30.2%   (資産 1.30倍)
  CAGR(年率):        +20.1%
  平均/中央 リターン: +10.48% / +0.86%
  勝率:              53%
  大勝率(≥15%):     33%
  最大ドローダウン:   -12.2%
  日経225 同期間:     +61.1%   → アルファ -30.8%
    元本¥100万 → 1億円: 約25.1年（CAGR 20.1%継続前提）
    元本¥300万 → 1億円: 約19.1年（CAGR 20.1%継続前提）
    元本¥1000万 → 1億円: 約12.6年（CAGR 20.1%継続前提）
  売却理由: トレール9 / 期末5 / 時間切れ1

トレード明細: /Users/kitagawayuuya/stock-alert/simulations/backtests/strategy_v2_v3_2025-01-01_2026-06-11.csv
完了
