================================================================
  集中アルファ v2 バックテスト [mom]  2025-01-01 → 2026-06-11
  集中20銘柄 / 最大63日保有 / 意思決定10営業日ごと
================================================================
モデル読み込み完了
株価データ取得中（3734銘柄）...
  500/3734 ...
  1000/3734 ...
  1500/3734 ...
  2000/3734 ...
  2500/3734 ...
  3000/3734 ...
  3500/3734 ...
有効銘柄: 3717

================================================================
【mom 成績  2025-01-01→2026-06-11（526日）】
  トレード数:        104
  期間トータル:      +0.6%   (資産 1.01倍)
  CAGR(年率):        +0.4%
  平均/中央 リターン: +2.53% / -10.45%
  勝率:              38%
  大勝率(≥15%):     29%
  最大ドローダウン:   -35.6%
  日経225 同期間:     +60.5%   → アルファ -59.9%
    元本¥100万 → 1億円: 約1048.6年（CAGR 0.4%継続前提）
    元本¥300万 → 1億円: 約798.4年（CAGR 0.4%継続前提）
    元本¥1000万 → 1億円: 約524.3年（CAGR 0.4%継続前提）
  売却理由: 時間切れ75 / 期末20 / トレール9

トレード明細: /Users/kitagawayuuya/stock-alert/simulations/backtests/strategy_v2_mom_2025-01-01_2026-06-11.csv
完了
