================================================================
  集中アルファ v2 バックテスト [v2]  2025-09-01 → 2025-12-15
  集中5銘柄 / 最大63日保有 / 意思決定10営業日ごと
================================================================
モデル読み込み完了
株価データ取得中（400銘柄）...
有効銘柄: 400

================================================================
【v2 成績  2025-09-01→2025-12-15（105日）】
  トレード数:        10
  期間トータル:      +15.5%   (資産 1.16倍)
  CAGR(年率):        +65.0%
  平均/中央 リターン: +7.74% / +0.00%
  勝率:              40%
  大勝率(≥15%):     30%
  最大ドローダウン:   -1.3%
  日経225 同期間:     +18.9%   → アルファ -3.4%
    元本¥100万 → 1億円: 約9.2年（CAGR 65.0%継続前提）
    元本¥300万 → 1億円: 約7.0年（CAGR 65.0%継続前提）
    元本¥1000万 → 1億円: 約4.6年（CAGR 65.0%継続前提）
  売却理由: 期末5 / 時間切れ3 / トレール2

トレード明細: /Users/kitagawayuuya/stock-alert/simulations/backtests/strategy_v2_v2_2025-09-01_2025-12-15.csv
完了
