================================================================
  集中アルファ v2 バックテスト [v4]  2025-01-01 → 2026-06-11
  集中5銘柄 / 最大63日保有 / 意思決定10営業日ごと
================================================================
モデル読み込み完了
株価データ取得中（3734銘柄）...
  500/3734 ...
  1000/3734 ...
  1500/3734 ...
  2000/3734 ...
  2500/3734 ...
  3000/3734 ...
  3500/3734 ...
有効銘柄: 3717

================================================================
【v4 成績  2025-01-01→2026-06-11（526日）】
  トレード数:        20
  期間トータル:      +16.7%   (資産 1.17倍)
  CAGR(年率):        +11.3%
  平均/中央 リターン: +4.82% / +0.42%
  勝率:              50%
  大勝率(≥15%):     15%
  最大ドローダウン:   -15.3%
  日経225 同期間:     +60.8%   → アルファ -44.1%
    元本¥100万 → 1億円: 約42.9年（CAGR 11.3%継続前提）
    元本¥300万 → 1億円: 約32.7年（CAGR 11.3%継続前提）
    元本¥1000万 → 1億円: 約21.5年（CAGR 11.3%継続前提）
  売却理由: 相場退避15 / 期末5

トレード明細: /Users/kitagawayuuya/stock-alert/simulations/backtests/strategy_v2_v4_2025-01-01_2026-06-11.csv
完了
