================================================================
  集中アルファ v2 バックテスト [baseline]  2025-01-01 → 2026-06-11
  集中5銘柄 / 最大63日保有 / 意思決定10営業日ごと
================================================================
モデル読み込み完了
株価データ取得中（3734銘柄）...
  500/3734 ...
  1000/3734 ...
  1500/3734 ...
  2000/3734 ...
  2500/3734 ...
  3000/3734 ...
  3500/3734 ...
有効銘柄: 3717

================================================================
【baseline 成績  2025-01-01→2026-06-11（526日）】
  トレード数:        25
  期間トータル:      +35.0%   (資産 1.35倍)
  CAGR(年率):        +23.2%
  平均/中央 リターン: +6.43% / +5.26%
  勝率:              68%
  大勝率(≥15%):     24%
  最大ドローダウン:   -12.0%
  日経225 同期間:     +60.9%   → アルファ -25.8%
    元本¥100万 → 1億円: 約22.1年（CAGR 23.2%継続前提）
    元本¥300万 → 1億円: 約16.8年（CAGR 23.2%継続前提）
    元本¥1000万 → 1億円: 約11.1年（CAGR 23.2%継続前提）
  売却理由: 時間切れ20 / 期末5

トレード明細: /Users/kitagawayuuya/stock-alert/simulations/backtests/strategy_v2_baseline_2025-01-01_2026-06-11.csv
完了
