================================================================
  集中アルファ v2 バックテスト [mom]  2025-01-01 → 2026-06-11
  集中5銘柄 / 最大63日保有 / 意思決定10営業日ごと
================================================================
モデル読み込み完了
株価データ取得中（3734銘柄）...
  500/3734 ...
  1000/3734 ...
  1500/3734 ...
  2000/3734 ...
  2500/3734 ...
  3000/3734 ...
  3500/3734 ...
有効銘柄: 3717

================================================================
【mom 成績  2025-01-01→2026-06-11（526日）】
  トレード数:        111
  期間トータル:      -63.3%   (資産 0.37倍)
  CAGR(年率):        -50.1%
  平均/中央 リターン: -3.80% / -5.45%
  勝率:              41%
  大勝率(≥15%):     21%
  最大ドローダウン:   -63.3%
  日経225 同期間:     +60.8%   → アルファ -124.1%
  売却理由: drop急騰105 / 期末5 / 時間切れ1

トレード明細: /Users/kitagawayuuya/stock-alert/simulations/backtests/strategy_v2_mom_2025-01-01_2026-06-11.csv
完了
